0 info it worked if it ends with ok
1 verbose cli [ 'C:\\Program Files\\nodejs\\node.exe',
1 verbose cli   'C:\\Program Files\\nodejs\\node_modules\\npm\\bin\\npm-cli.js',
1 verbose cli   'run',
1 verbose cli   'prod' ]
2 info using npm@3.10.10
3 info using node@v6.11.2
4 verbose run-script [ 'preprod', 'prod', 'postprod' ]
5 info lifecycle boilerplate@0.0.1~preprod: boilerplate@0.0.1
6 silly lifecycle boilerplate@0.0.1~preprod: no script for preprod, continuing
7 info lifecycle boilerplate@0.0.1~prod: boilerplate@0.0.1
8 verbose lifecycle boilerplate@0.0.1~prod: unsafe-perm in lifecycle true
9 verbose lifecycle boilerplate@0.0.1~prod: PATH: C:\Program Files\nodejs\node_modules\npm\bin\node-gyp-bin;C:\Users\xavi\Desktop\dev\boilerplates\project-default\node_modules\.bin;.\node_modules\.bin;C:\Program Files (x86)\Microsoft Visual Studio\2017\Enterprise\Common7\IDE\CommonExtensions\Microsoft\TeamFoundation\Team Explorer\NativeBinaries\x86;C:\Program Files\Docker\Docker\Resources\bin;C:\Windows\system32;C:\Windows;C:\Windows\System32\Wbem;C:\Windows\System32\WindowsPowerShell\v1.0\;C:\Program Files\Microsoft SQL Server\130\Tools\Binn\;C:\Program Files (x86)\GtkSharp\2.12\bin;C:\Program Files\nodejs\;C:\Program Files (x86)\NVIDIA Corporation\PhysX\Common;C:\WINDOWS\system32;C:\WINDOWS;C:\WINDOWS\System32\Wbem;C:\WINDOWS\System32\WindowsPowerShell\v1.0\;C:\Program Files\Git\cmd;C:\Users\xavi\AppData\Local\Microsoft\WindowsApps;C:\Users\xavi\AppData\Roaming\npm;C:\Users\xavi\AppData\Local\Microsoft\WindowsApps;C:\Users\xavi\AppData\Local\GitHubDesktop\bin
10 verbose lifecycle boilerplate@0.0.1~prod: CWD: C:\Users\xavi\Desktop\dev\boilerplates\project-default
11 silly lifecycle boilerplate@0.0.1~prod: Args: [ '/d /s /c', 'webpack --env production' ]
12 silly lifecycle boilerplate@0.0.1~prod: Returned: code: 1  signal: null
13 info lifecycle boilerplate@0.0.1~prod: Failed to exec prod script
14 verbose stack Error: boilerplate@0.0.1 prod: `webpack --env production`
14 verbose stack Exit status 1
14 verbose stack     at EventEmitter.<anonymous> (C:\Program Files\nodejs\node_modules\npm\lib\utils\lifecycle.js:255:16)
14 verbose stack     at emitTwo (events.js:106:13)
14 verbose stack     at EventEmitter.emit (events.js:191:7)
14 verbose stack     at ChildProcess.<anonymous> (C:\Program Files\nodejs\node_modules\npm\lib\utils\spawn.js:40:14)
14 verbose stack     at emitTwo (events.js:106:13)
14 verbose stack     at ChildProcess.emit (events.js:191:7)
14 verbose stack     at maybeClose (internal/child_process.js:891:16)
14 verbose stack     at Process.ChildProcess._handle.onexit (internal/child_process.js:226:5)
15 verbose pkgid boilerplate@0.0.1
16 verbose cwd C:\Users\xavi\Desktop\dev\boilerplates\project-default
17 error Windows_NT 10.0.16299
18 error argv "C:\\Program Files\\nodejs\\node.exe" "C:\\Program Files\\nodejs\\node_modules\\npm\\bin\\npm-cli.js" "run" "prod"
19 error node v6.11.2
20 error npm  v3.10.10
21 error code ELIFECYCLE
22 error boilerplate@0.0.1 prod: `webpack --env production`
22 error Exit status 1
23 error Failed at the boilerplate@0.0.1 prod script 'webpack --env production'.
23 error Make sure you have the latest version of node.js and npm installed.
23 error If you do, this is most likely a problem with the boilerplate package,
23 error not with npm itself.
23 error Tell the author that this fails on your system:
23 error     webpack --env production
23 error You can get information on how to open an issue for this project with:
23 error     npm bugs boilerplate
23 error Or if that isn't available, you can get their info via:
23 error     npm owner ls boilerplate
23 error There is likely additional logging output above.
24 verbose exit [ 1, true ]
